mode: set
github.com/BertoldVdb/go-ais/aisnmea/assembler.go:33.34,34.35 1 1
github.com/BertoldVdb/go-ais/aisnmea/assembler.go:34.35,35.42 1 1
github.com/BertoldVdb/go-ais/aisnmea/assembler.go:35.42,37.4 1 1
github.com/BertoldVdb/go-ais/aisnmea/assembler.go:41.47,43.29 2 1
github.com/BertoldVdb/go-ais/aisnmea/assembler.go:46.2,46.15 1 1
github.com/BertoldVdb/go-ais/aisnmea/assembler.go:43.29,45.3 1 1
github.com/BertoldVdb/go-ais/aisnmea/assembler.go:49.68,53.27 1 1
github.com/BertoldVdb/go-ais/aisnmea/assembler.go:57.2,59.35 2 1
github.com/BertoldVdb/go-ais/aisnmea/assembler.go:66.2,66.26 1 1
github.com/BertoldVdb/go-ais/aisnmea/assembler.go:71.2,71.27 1 1
github.com/BertoldVdb/go-ais/aisnmea/assembler.go:81.2,84.30 4 1
github.com/BertoldVdb/go-ais/aisnmea/assembler.go:88.2,89.9 2 1
github.com/BertoldVdb/go-ais/aisnmea/assembler.go:95.2,99.9 4 1
github.com/BertoldVdb/go-ais/aisnmea/assembler.go:103.2,104.37 1 1
github.com/BertoldVdb/go-ais/aisnmea/assembler.go:128.2,128.27 1 1
github.com/BertoldVdb/go-ais/aisnmea/assembler.go:53.27,55.3 1 1
github.com/BertoldVdb/go-ais/aisnmea/assembler.go:59.35,62.3 2 1
github.com/BertoldVdb/go-ais/aisnmea/assembler.go:66.26,68.3 1 1
github.com/BertoldVdb/go-ais/aisnmea/assembler.go:71.27,78.3 1 1
github.com/BertoldVdb/go-ais/aisnmea/assembler.go:84.30,86.3 1 1
github.com/BertoldVdb/go-ais/aisnmea/assembler.go:89.9,93.3 3 1
github.com/BertoldVdb/go-ais/aisnmea/assembler.go:99.9,101.3 1 1
github.com/BertoldVdb/go-ais/aisnmea/assembler.go:104.37,108.46 2 1
github.com/BertoldVdb/go-ais/aisnmea/assembler.go:117.3,125.10 2 1
github.com/BertoldVdb/go-ais/aisnmea/assembler.go:108.46,109.43 1 1
github.com/BertoldVdb/go-ais/aisnmea/assembler.go:109.43,110.53 1 1
github.com/BertoldVdb/go-ais/aisnmea/assembler.go:110.53,112.11 2 1
github.com/BertoldVdb/go-ais/aisnmea/assembler.go:132.41,139.2 5 1
github.com/BertoldVdb/go-ais/aisnmea/nmea.go:29.48,38.2 2 1
github.com/BertoldVdb/go-ais/aisnmea/nmea.go:40.66,42.48 2 1
github.com/BertoldVdb/go-ais/aisnmea/nmea.go:42.48,45.75 3 1
github.com/BertoldVdb/go-ais/aisnmea/nmea.go:49.3,51.31 3 1
github.com/BertoldVdb/go-ais/aisnmea/nmea.go:45.75,47.4 1 1
github.com/BertoldVdb/go-ais/aisnmea/nmea.go:56.45,58.2 1 1
github.com/BertoldVdb/go-ais/aisnmea/nmea.go:61.56,63.8 2 1
github.com/BertoldVdb/go-ais/aisnmea/nmea.go:67.2,67.12 1 1
github.com/BertoldVdb/go-ais/aisnmea/nmea.go:63.8,65.3 1 1
github.com/BertoldVdb/go-ais/aisnmea/nmea.go:71.59,73.16 2 1
github.com/BertoldVdb/go-ais/aisnmea/nmea.go:77.2,77.23 1 1
github.com/BertoldVdb/go-ais/aisnmea/nmea.go:87.2,87.38 1 1
github.com/BertoldVdb/go-ais/aisnmea/nmea.go:73.16,75.3 1 1
github.com/BertoldVdb/go-ais/aisnmea/nmea.go:78.19,80.9 2 1
github.com/BertoldVdb/go-ais/aisnmea/nmea.go:84.3,84.13 1 1
github.com/BertoldVdb/go-ais/aisnmea/nmea.go:80.9,82.4 1 1
github.com/BertoldVdb/go-ais/aisnmea/nmea.go:90.35,93.18 2 1
github.com/BertoldVdb/go-ais/aisnmea/nmea.go:97.2,97.15 1 1
github.com/BertoldVdb/go-ais/aisnmea/nmea.go:93.18,95.3 1 1
github.com/BertoldVdb/go-ais/aisnmea/nmea.go:101.59,102.41 1 1
github.com/BertoldVdb/go-ais/aisnmea/nmea.go:106.2,106.22 1 1
github.com/BertoldVdb/go-ais/aisnmea/nmea.go:110.2,114.38 4 1
github.com/BertoldVdb/go-ais/aisnmea/nmea.go:126.2,127.19 2 1
github.com/BertoldVdb/go-ais/aisnmea/nmea.go:134.2,135.20 2 1
github.com/BertoldVdb/go-ais/aisnmea/nmea.go:139.2,144.65 3 1
github.com/BertoldVdb/go-ais/aisnmea/nmea.go:181.2,181.24 1 1
github.com/BertoldVdb/go-ais/aisnmea/nmea.go:190.2,190.15 1 1
github.com/BertoldVdb/go-ais/aisnmea/nmea.go:102.41,104.3 1 1
github.com/BertoldVdb/go-ais/aisnmea/nmea.go:106.22,108.3 1 1
github.com/BertoldVdb/go-ais/aisnmea/nmea.go:114.38,118.20 4 1
github.com/BertoldVdb/go-ais/aisnmea/nmea.go:118.20,123.4 3 1
github.com/BertoldVdb/go-ais/aisnmea/nmea.go:127.19,132.3 3 1
github.com/BertoldVdb/go-ais/aisnmea/nmea.go:135.20,137.3 1 1
github.com/BertoldVdb/go-ais/aisnmea/nmea.go:144.65,147.3 2 1
github.com/BertoldVdb/go-ais/aisnmea/nmea.go:147.8,153.37 4 1
github.com/BertoldVdb/go-ais/aisnmea/nmea.go:174.3,175.21 2 1
github.com/BertoldVdb/go-ais/aisnmea/nmea.go:153.37,156.47 2 1
github.com/BertoldVdb/go-ais/aisnmea/nmea.go:160.4,164.38 4 1
github.com/BertoldVdb/go-ais/aisnmea/nmea.go:168.4,171.14 2 1
github.com/BertoldVdb/go-ais/aisnmea/nmea.go:156.47,158.5 1 1
github.com/BertoldVdb/go-ais/aisnmea/nmea.go:164.38,166.5 1 1
github.com/BertoldVdb/go-ais/aisnmea/nmea.go:175.21,177.4 1 1
github.com/BertoldVdb/go-ais/aisnmea/nmea.go:181.24,183.39 2 1
github.com/BertoldVdb/go-ais/aisnmea/nmea.go:187.3,187.46 1 1
github.com/BertoldVdb/go-ais/aisnmea/nmea.go:183.39,185.4 1 1
